<?xml version="1.0" encoding="UTF-8"?>
<!-- Generated by org.testng.reporters.JUnitXMLReporter -->
<testsuite ignored="0" hostname="MacBook-Pro-2.local" failures="0" tests="8" name="Command line test" time="4.189" errors="0" timestamp="2024-01-25T02:19:40 CET">
  <testcase classname="UpdateUserTest" name="testUpdateUserSuccessfully" time="1.21"/>
  <testcase classname="UpdateUserTest" name="testUpdateUserUnsuccessfully" time="0.416"/>
  <testcase classname="GetUserByIdTest" name="testGetUserByIdSuccessfully" time="0.247"/>
  <testcase classname="GetUserByIdTest" name="testGetUserByIdUnsuccessfully" time="0.173"/>
  <testcase classname="CreateUserTest" name="testCreateUserSuccessfully" time="0.481"/>
  <testcase classname="CreateUserTest" name="testCreateUserUnsuccessfully" time="0.474"/>
  <testcase classname="DeleteUserTest" name="testDeleteUserSuccessfully" time="0.572"/>
  <testcase classname="DeleteUserTest" name="testDeleteUserUnsuccessfully" time="0.523"/>
</testsuite> <!-- Command line test -->
